[debug] [2022-03-14T18:46:38.014Z] ----------------------------------------------------------------------
[debug] [2022-03-14T18:46:38.019Z] Command:       /usr/local/bin/node /usr/local/bin/firebase emulators:start
[debug] [2022-03-14T18:46:38.020Z] CLI Version:   10.2.2
[debug] [2022-03-14T18:46:38.020Z] Platform:      darwin
[debug] [2022-03-14T18:46:38.020Z] Node Version:  v16.13.1
[debug] [2022-03-14T18:46:38.054Z] Time:          Mon Mar 14 2022 14:46:38 GMT-0400 (Eastern Daylight Time)
[debug] [2022-03-14T18:46:38.055Z] ----------------------------------------------------------------------
[debug] 
[debug] [2022-03-14T18:46:38.062Z] >>> [apiv2][query] GET https://firebase-public.firebaseio.com/cli.json [none]
[debug] [2022-03-14T18:46:38.209Z] > command requires scopes: ["email","openid","https://www.googleapis.com/auth/cloudplatformprojects.readonly","https://www.googleapis.com/auth/firebase","https://www.googleapis.com/auth/cloud-platform"]
[debug] [2022-03-14T18:46:38.209Z] > authorizing via signed-in user (kaitlinberryman@gmail.com)
[info] i  emulators: Starting emulators: functions, hosting {"metadata":{"emulator":{"name":"hub"},"message":"Starting emulators: functions, hosting"}}
[debug] [2022-03-14T18:46:38.223Z] [hub] writing locator at /var/folders/l0/hbkht1t54nn31n4zhgstn3vr0000gn/T/hub-clone-554ae.json
[warn] ⚠  functions: The following emulators are not running, calls to these services from the Functions emulator will affect production: auth, firestore, database, pubsub, storage {"metadata":{"emulator":{"name":"functions"},"message":"The following emulators are not running, calls to these services from the Functions emulator will affect production: \u001b[1mauth, firestore, database, pubsub, storage\u001b[22m"}}
[info] ✔  functions: Using node@16 from host. {"metadata":{"emulator":{"name":"functions"},"message":"Using node@16 from host."}}
[debug] [2022-03-14T18:46:38.245Z] defaultcredentials: writing to file /Users/berryman/.config/firebase/kaitlinberryman_gmail_com_application_default_credentials.json
[debug] [2022-03-14T18:46:38.248Z] Setting GAC to /Users/berryman/.config/firebase/kaitlinberryman_gmail_com_application_default_credentials.json {"metadata":{"emulator":{"name":"functions"},"message":"Setting GAC to /Users/berryman/.config/firebase/kaitlinberryman_gmail_com_application_default_credentials.json"}}
[debug] [2022-03-14T18:46:38.249Z] > refreshing access token with scopes: []
[debug] [2022-03-14T18:46:38.250Z] >>> HTTP REQUEST POST https://www.googleapis.com/oauth2/v3/token  
 <request body omitted>
[debug] [2022-03-14T18:46:38.417Z] <<< [apiv2][status] GET https://firebase-public.firebaseio.com/cli.json 200
[debug] [2022-03-14T18:46:38.418Z] <<< [apiv2][body] GET https://firebase-public.firebaseio.com/cli.json {"cloudBuildErrorAfter":1594252800000,"cloudBuildWarnAfter":1590019200000,"defaultNode10After":1594252800000,"minVersion":"3.0.5","node8DeploysDisabledAfter":1613390400000,"node8RuntimeDisabledAfter":1615809600000,"node8WarnAfter":1600128000000}
[debug] [2022-03-14T18:46:38.893Z] <<< HTTP RESPONSE 200 {"cache-control":"no-cache, no-store, max-age=0, must-revalidate","date":"Mon, 14 Mar 2022 18:46:38 GMT","expires":"Mon, 01 Jan 1990 00:00:00 GMT","pragma":"no-cache","content-type":"application/json; charset=utf-8","vary":"X-Origin, Referer, Origin,Accept-Encoding","server":"scaffolding on HTTPServer2","x-xss-protection":"0","x-frame-options":"SAMEORIGIN","x-content-type-options":"nosniff","alt-svc":"h3=\":443\"; ma=2592000,h3-29=\":443\"; ma=2592000,h3-Q050=\":443\"; ma=2592000,h3-Q046=\":443\"; ma=2592000,h3-Q043=\":443\"; ma=2592000,quic=\":443\"; ma=2592000; v=\"46,43\"","accept-ranges":"none","transfer-encoding":"chunked"}
[debug] [2022-03-14T18:46:38.959Z] >>> [apiv2][query] GET https://firebase.googleapis.com/v1beta1/projects/clone-554ae/adminSdkConfig [none]
[debug] [2022-03-14T18:46:39.248Z] <<< [apiv2][status] GET https://firebase.googleapis.com/v1beta1/projects/clone-554ae/adminSdkConfig 200
[debug] [2022-03-14T18:46:39.248Z] <<< [apiv2][body] GET https://firebase.googleapis.com/v1beta1/projects/clone-554ae/adminSdkConfig {"projectId":"clone-554ae","storageBucket":"clone-554ae.appspot.com"}
[debug] [2022-03-14T18:46:39.590Z] >>> [apiv2][query] GET https://firebasehosting.googleapis.com/v1beta1/projects/clone-554ae/sites 
[debug] [2022-03-14T18:46:39.887Z] <<< [apiv2][status] GET https://firebasehosting.googleapis.com/v1beta1/projects/clone-554ae/sites 200
[debug] [2022-03-14T18:46:39.887Z] <<< [apiv2][body] GET https://firebasehosting.googleapis.com/v1beta1/projects/clone-554ae/sites {"sites":[{"name":"projects/734135552924/sites/clone-554ae","defaultUrl":"https://clone-554ae.web.app","appId":"1:734135552924:web:7d3f8e3350bbd62b45d659","type":"DEFAULT_SITE"}]}
[debug] [2022-03-14T18:46:39.887Z] >>> [apiv2][query] GET https://firebase.googleapis.com/v1beta1/projects/clone-554ae/webApps/1:734135552924:web:7d3f8e3350bbd62b45d659/config [none]
[debug] [2022-03-14T18:46:40.323Z] <<< [apiv2][status] GET https://firebase.googleapis.com/v1beta1/projects/clone-554ae/webApps/1:734135552924:web:7d3f8e3350bbd62b45d659/config 200
[debug] [2022-03-14T18:46:40.324Z] <<< [apiv2][body] GET https://firebase.googleapis.com/v1beta1/projects/clone-554ae/webApps/1:734135552924:web:7d3f8e3350bbd62b45d659/config {"projectId":"clone-554ae","appId":"1:734135552924:web:7d3f8e3350bbd62b45d659","storageBucket":"clone-554ae.appspot.com","apiKey":"AIzaSyCkjNZMw3X7brtoqtRGYggLW43F1Zs-SW8","authDomain":"clone-554ae.firebaseapp.com","messagingSenderId":"734135552924"}
[info] i  hosting: Serving hosting files from: build {"metadata":{"emulator":{"name":"hosting"},"message":"Serving hosting files from: \u001b[1mbuild\u001b[22m"}}
[info] ✔  hosting: Local server: http://localhost:5000 {"metadata":{"emulator":{"name":"hosting"},"message":"Local server: \u001b[4m\u001b[1mhttp://localhost:5000\u001b[22m\u001b[24m"}}
[debug] [2022-03-14T18:46:40.395Z] Ignoring unsupported arg: auto_download {"metadata":{"emulator":{"name":"ui"},"message":"Ignoring unsupported arg: auto_download"}}
[debug] [2022-03-14T18:46:40.395Z] Ignoring unsupported arg: port {"metadata":{"emulator":{"name":"ui"},"message":"Ignoring unsupported arg: port"}}
[debug] [2022-03-14T18:46:40.395Z] Starting Emulator UI with command {"binary":"node","args":["/Users/berryman/.cache/firebase/emulators/ui-v1.6.5/server.bundle.js"],"optionalArgs":[],"joinArgs":false} {"metadata":{"emulator":{"name":"ui"},"message":"Starting Emulator UI with command {\"binary\":\"node\",\"args\":[\"/Users/berryman/.cache/firebase/emulators/ui-v1.6.5/server.bundle.js\"],\"optionalArgs\":[],\"joinArgs\":false}"}}
[info] i  ui: Emulator UI logging to ui-debug.log {"metadata":{"emulator":{"name":"ui"},"message":"Emulator UI logging to \u001b[1mui-debug.log\u001b[22m"}}
[debug] [2022-03-14T18:46:40.579Z] Web / API server started at localhost:4000
 {"metadata":{"emulator":{"name":"ui"},"message":"Web / API server started at localhost:4000\n"}}
[info] i  functions: Watching "/Users/berryman/Desktop/Amazon-Clone/amazon-clone/functions" for Cloud Functions... {"metadata":{"emulator":{"name":"functions"},"message":"Watching \"/Users/berryman/Desktop/Amazon-Clone/amazon-clone/functions\" for Cloud Functions..."}}
[debug] [2022-03-14T18:46:40.667Z] Validating nodejs source
[debug] [2022-03-14T18:46:43.144Z] > [functions] package.json contents: {
  "name": "functions",
  "description": "Cloud Functions for Firebase",
  "scripts": {
    "lint": "eslint .",
    "serve": "firebase emulators:start --only functions",
    "shell": "firebase functions:shell",
    "start": "npm run shell",
    "deploy": "firebase deploy --only functions",
    "logs": "firebase functions:log"
  },
  "engines": {
    "node": "16"
  },
  "main": "index.js",
  "dependencies": {
    "cors": "^2.8.5",
    "express": "^4.17.3",
    "firebase-admin": "^10.0.2",
    "firebase-functions": "^3.18.0",
    "stripe": "^8.207.0"
  },
  "devDependencies": {
    "eslint": "^8.9.0",
    "eslint-config-google": "^0.14.0",
    "firebase-functions-test": "^0.2.0"
  },
  "private": true
}
[debug] [2022-03-14T18:46:43.145Z] Building nodejs source
[debug] [2022-03-14T18:46:43.145Z] Analyzing nodejs backend spec
[info] ✔  functions[us-central1-api]: http function initialized (http://localhost:5001/clone-554ae/us-central1/api). {"metadata":{"emulator":{"name":"functions"},"message":"\u001b[1mhttp\u001b[22m function initialized (http://localhost:5001/clone-554ae/us-central1/api)."}}
[info] 
┌─────────────────────────────────────────────────────────────┐
│ ✔  All emulators ready! It is now safe to connect your app. │
│ i  View Emulator UI at http://localhost:4000                │
└─────────────────────────────────────────────────────────────┘

┌───────────┬────────────────┬─────────────────────────────────┐
│ Emulator  │ Host:Port      │ View in Emulator UI             │
├───────────┼────────────────┼─────────────────────────────────┤
│ Functions │ localhost:5001 │ http://localhost:4000/functions │
├───────────┼────────────────┼─────────────────────────────────┤
│ Hosting   │ localhost:5000 │ n/a                             │
└───────────┴────────────────┴─────────────────────────────────┘
  Emulator Hub running at localhost:4400
  Other reserved ports: 4500

Issues? Report them at https://github.com/firebase/firebase-tools/issues and attach the *-debug.log files.
 
[debug] [2022-03-14T18:46:54.196Z] [work-queue] {"queueLength":1,"workRunningCount":0}
[debug] [2022-03-14T18:46:54.197Z] [work-queue] {"queueLength":0,"workRunningCount":1}
[debug] [2022-03-14T18:46:54.198Z] Accepted request GET /clone-554ae/us-central1/api/ --> us-central1-api
[debug] [2022-03-14T18:46:54.208Z] [worker-pool] addWorker(us-central1-api) {"metadata":{"emulator":{"name":"functions"},"message":"[worker-pool] addWorker(us-central1-api)"}}
[debug] [2022-03-14T18:46:54.208Z] [worker-pool] Adding worker with key us-central1-api, total=1 {"metadata":{"emulator":{"name":"functions"},"message":"[worker-pool] Adding worker with key us-central1-api, total=1"}}
[debug] [2022-03-14T18:46:54.209Z] [worker-pool] submitWork(triggerId=us-central1-api) {"metadata":{"emulator":{"name":"functions"},"message":"[worker-pool] submitWork(triggerId=us-central1-api)"}}
[debug] [2022-03-14T18:46:54.209Z] [worker-us-central1-api-0ef5f0c6-5760-41f6-b472-05fbb712a3c7]: Assigning socketPath: /var/folders/l0/hbkht1t54nn31n4zhgstn3vr0000gn/T/fire_emu_96680.sock {"metadata":{"emulator":{"name":"functions"},"message":"[worker-us-central1-api-0ef5f0c6-5760-41f6-b472-05fbb712a3c7]: Assigning socketPath: /var/folders/l0/hbkht1t54nn31n4zhgstn3vr0000gn/T/fire_emu_96680.sock"}}
[debug] [2022-03-14T18:46:54.209Z] [worker-us-central1-api-0ef5f0c6-5760-41f6-b472-05fbb712a3c7]: BUSY {"metadata":{"emulator":{"name":"functions"},"message":"[worker-us-central1-api-0ef5f0c6-5760-41f6-b472-05fbb712a3c7]: BUSY"}}
[debug] [2022-03-14T18:46:56.254Z] [runtime-status] [96680] Functions runtime initialized. {"cwd":"/Users/berryman/Desktop/Amazon-Clone/amazon-clone/functions","node_version":"16.13.1"} {"metadata":{"emulator":{"name":"functions"},"function":{"name":"us-central1-api"},"extension":{},"message":"[runtime-status] [96680] Functions runtime initialized. {\"cwd\":\"/Users/berryman/Desktop/Amazon-Clone/amazon-clone/functions\",\"node_version\":\"16.13.1\"}"}}
[debug] [2022-03-14T18:46:56.255Z] [runtime-status] [96680] Disabled runtime features: undefined {"metadata":{"emulator":{"name":"functions"},"function":{"name":"us-central1-api"},"extension":{},"message":"[runtime-status] [96680] Disabled runtime features: undefined"}}
[debug] [2022-03-14T18:46:56.258Z] [runtime-status] [96680] Resolved module firebase-admin {"declared":true,"installed":true,"version":"10.0.2","resolution":"/Users/berryman/Desktop/Amazon-Clone/amazon-clone/functions/node_modules/firebase-admin/lib/index.js"} {"metadata":{"emulator":{"name":"functions"},"function":{"name":"us-central1-api"},"extension":{},"message":"[runtime-status] [96680] Resolved module firebase-admin {\"declared\":true,\"installed\":true,\"version\":\"10.0.2\",\"resolution\":\"/Users/berryman/Desktop/Amazon-Clone/amazon-clone/functions/node_modules/firebase-admin/lib/index.js\"}"}}
[debug] [2022-03-14T18:46:56.260Z] [runtime-status] [96680] Resolved module firebase-functions {"declared":true,"installed":true,"version":"3.18.1","resolution":"/Users/berryman/Desktop/Amazon-Clone/amazon-clone/functions/node_modules/firebase-functions/lib/index.js"} {"metadata":{"emulator":{"name":"functions"},"function":{"name":"us-central1-api"},"extension":{},"message":"[runtime-status] [96680] Resolved module firebase-functions {\"declared\":true,\"installed\":true,\"version\":\"3.18.1\",\"resolution\":\"/Users/berryman/Desktop/Amazon-Clone/amazon-clone/functions/node_modules/firebase-functions/lib/index.js\"}"}}
[debug] [2022-03-14T18:46:56.260Z] [runtime-status] [96680] Outgoing network have been stubbed. [{"name":"http","status":"mocked"},{"name":"http","status":"mocked"},{"name":"https","status":"mocked"},{"name":"https","status":"mocked"},{"name":"net","status":"mocked"}] {"metadata":{"emulator":{"name":"functions"},"function":{"name":"us-central1-api"},"extension":{},"message":"[runtime-status] [96680] Outgoing network have been stubbed. [{\"name\":\"http\",\"status\":\"mocked\"},{\"name\":\"http\",\"status\":\"mocked\"},{\"name\":\"https\",\"status\":\"mocked\"},{\"name\":\"https\",\"status\":\"mocked\"},{\"name\":\"net\",\"status\":\"mocked\"}]"}}
[debug] [2022-03-14T18:46:56.261Z] [runtime-status] [96680] Resolved module firebase-functions {"declared":true,"installed":true,"version":"3.18.1","resolution":"/Users/berryman/Desktop/Amazon-Clone/amazon-clone/functions/node_modules/firebase-functions/lib/index.js"} {"metadata":{"emulator":{"name":"functions"},"function":{"name":"us-central1-api"},"extension":{},"message":"[runtime-status] [96680] Resolved module firebase-functions {\"declared\":true,\"installed\":true,\"version\":\"3.18.1\",\"resolution\":\"/Users/berryman/Desktop/Amazon-Clone/amazon-clone/functions/node_modules/firebase-functions/lib/index.js\"}"}}
[debug] [2022-03-14T18:46:56.340Z] [runtime-status] [96680] Checked functions.config() {"config":{}} {"metadata":{"emulator":{"name":"functions"},"function":{"name":"us-central1-api"},"extension":{},"message":"[runtime-status] [96680] Checked functions.config() {\"config\":{}}"}}
[debug] [2022-03-14T18:46:56.340Z] [runtime-status] [96680] firebase-functions has been stubbed. {"functionsResolution":{"declared":true,"installed":true,"version":"3.18.1","resolution":"/Users/berryman/Desktop/Amazon-Clone/amazon-clone/functions/node_modules/firebase-functions/lib/index.js"}} {"metadata":{"emulator":{"name":"functions"},"function":{"name":"us-central1-api"},"extension":{},"message":"[runtime-status] [96680] firebase-functions has been stubbed. {\"functionsResolution\":{\"declared\":true,\"installed\":true,\"version\":\"3.18.1\",\"resolution\":\"/Users/berryman/Desktop/Amazon-Clone/amazon-clone/functions/node_modules/firebase-functions/lib/index.js\"}}"}}
[debug] [2022-03-14T18:46:56.342Z] [runtime-status] [96680] Resolved module firebase-functions {"declared":true,"installed":true,"version":"3.18.1","resolution":"/Users/berryman/Desktop/Amazon-Clone/amazon-clone/functions/node_modules/firebase-functions/lib/index.js"} {"metadata":{"emulator":{"name":"functions"},"function":{"name":"us-central1-api"},"extension":{},"message":"[runtime-status] [96680] Resolved module firebase-functions {\"declared\":true,\"installed\":true,\"version\":\"3.18.1\",\"resolution\":\"/Users/berryman/Desktop/Amazon-Clone/amazon-clone/functions/node_modules/firebase-functions/lib/index.js\"}"}}
[debug] [2022-03-14T18:46:56.344Z] [runtime-status] [96680] Resolved module firebase-admin {"declared":true,"installed":true,"version":"10.0.2","resolution":"/Users/berryman/Desktop/Amazon-Clone/amazon-clone/functions/node_modules/firebase-admin/lib/index.js"} {"metadata":{"emulator":{"name":"functions"},"function":{"name":"us-central1-api"},"extension":{},"message":"[runtime-status] [96680] Resolved module firebase-admin {\"declared\":true,\"installed\":true,\"version\":\"10.0.2\",\"resolution\":\"/Users/berryman/Desktop/Amazon-Clone/amazon-clone/functions/node_modules/firebase-admin/lib/index.js\"}"}}
[debug] [2022-03-14T18:46:56.345Z] [runtime-status] [96680] Resolved module firebase-functions {"declared":true,"installed":true,"version":"3.18.1","resolution":"/Users/berryman/Desktop/Amazon-Clone/amazon-clone/functions/node_modules/firebase-functions/lib/index.js"} {"metadata":{"emulator":{"name":"functions"},"function":{"name":"us-central1-api"},"extension":{},"message":"[runtime-status] [96680] Resolved module firebase-functions {\"declared\":true,\"installed\":true,\"version\":\"3.18.1\",\"resolution\":\"/Users/berryman/Desktop/Amazon-Clone/amazon-clone/functions/node_modules/firebase-functions/lib/index.js\"}"}}
[debug] [2022-03-14T18:46:56.346Z] [runtime-status] [96680] firebase-admin has been stubbed. {"adminResolution":{"declared":true,"installed":true,"version":"10.0.2","resolution":"/Users/berryman/Desktop/Amazon-Clone/amazon-clone/functions/node_modules/firebase-admin/lib/index.js"}} {"metadata":{"emulator":{"name":"functions"},"function":{"name":"us-central1-api"},"extension":{},"message":"[runtime-status] [96680] firebase-admin has been stubbed. {\"adminResolution\":{\"declared\":true,\"installed\":true,\"version\":\"10.0.2\",\"resolution\":\"/Users/berryman/Desktop/Amazon-Clone/amazon-clone/functions/node_modules/firebase-admin/lib/index.js\"}}"}}
[debug] [2022-03-14T18:46:56.597Z] [runtime-status] [96680] Beginning invocation function api! {"metadata":{"emulator":{"name":"functions"},"function":{"name":"us-central1-api"},"extension":{},"message":"[runtime-status] [96680] Beginning invocation function api!"}}
[info] i  functions: Beginning execution of "api" {"metadata":{"emulator":{"name":"functions"},"function":{"name":"us-central1-api"},"extension":{},"message":"Beginning execution of \"api\""}}
[debug] [2022-03-14T18:46:56.598Z] [runtime-status] [96680] Running api in signature http {"metadata":{"emulator":{"name":"functions"},"function":{"name":"us-central1-api"},"extension":{},"message":"[runtime-status] [96680] Running api in signature http"}}
[debug] [2022-03-14T18:46:56.601Z] [runtime-status] [96680] Attempting to listen to socketPath: /var/folders/l0/hbkht1t54nn31n4zhgstn3vr0000gn/T/fire_emu_96680.sock {"metadata":{"emulator":{"name":"functions"},"function":{"name":"us-central1-api"},"extension":{},"message":"[runtime-status] [96680] Attempting to listen to socketPath: /var/folders/l0/hbkht1t54nn31n4zhgstn3vr0000gn/T/fire_emu_96680.sock"}}
[debug] [2022-03-14T18:46:56.604Z] [functions] Runtime ready! Sending request! {"metadata":{"emulator":{"name":"functions"},"message":"[functions] Runtime ready! Sending request!"}}
[debug] [2022-03-14T18:46:56.604Z] [functions] Got req.url=/clone-554ae/us-central1/api/, mapping to path=/ {"metadata":{"emulator":{"name":"functions"},"message":"[functions] Got req.url=/clone-554ae/us-central1/api/, mapping to path=/"}}
[debug] [2022-03-14T18:46:56.609Z] [runtime-status] [96680] Ephemeral server handling GET request {"metadata":{"emulator":{"name":"functions"},"function":{"name":"us-central1-api"},"extension":{},"message":"[runtime-status] [96680] Ephemeral server handling GET request"}}
[debug] [2022-03-14T18:46:56.618Z] [runtime-status] [96680] Ephemeral server survived. {"metadata":{"emulator":{"name":"functions"},"function":{"name":"us-central1-api"},"extension":{},"message":"[runtime-status] [96680] Ephemeral server survived."}}
[info] i  functions: Finished "api" in ~1s {"metadata":{"emulator":{"name":"functions"},"function":{"name":"us-central1-api"},"extension":{},"message":"Finished \"api\" in ~1s"}}
[debug] [2022-03-14T18:46:56.621Z] [worker-us-central1-api-0ef5f0c6-5760-41f6-b472-05fbb712a3c7]: IDLE {"metadata":{"emulator":{"name":"functions"},"message":"[worker-us-central1-api-0ef5f0c6-5760-41f6-b472-05fbb712a3c7]: IDLE"}}
[debug] [2022-03-14T18:46:56.621Z] [work-queue] {"queueLength":0,"workRunningCount":0}
[debug] [2022-03-14T18:46:59.741Z] [work-queue] {"queueLength":1,"workRunningCount":0}
[debug] [2022-03-14T18:46:59.742Z] [work-queue] {"queueLength":0,"workRunningCount":1}
[debug] [2022-03-14T18:46:59.742Z] Accepted request POST /clone-554ae/us-central1/api/payments/create?total=0 --> us-central1-api
[debug] [2022-03-14T18:46:59.742Z] [worker-pool] submitWork(triggerId=us-central1-api) {"metadata":{"emulator":{"name":"functions"},"message":"[worker-pool] submitWork(triggerId=us-central1-api)"}}
[debug] [2022-03-14T18:46:59.742Z] [worker-us-central1-api-0ef5f0c6-5760-41f6-b472-05fbb712a3c7]: Assigning socketPath: /var/folders/l0/hbkht1t54nn31n4zhgstn3vr0000gn/T/fire_emu_96680.sock {"metadata":{"emulator":{"name":"functions"},"message":"[worker-us-central1-api-0ef5f0c6-5760-41f6-b472-05fbb712a3c7]: Assigning socketPath: /var/folders/l0/hbkht1t54nn31n4zhgstn3vr0000gn/T/fire_emu_96680.sock"}}
[debug] [2022-03-14T18:46:59.742Z] [worker-us-central1-api-0ef5f0c6-5760-41f6-b472-05fbb712a3c7]: BUSY {"metadata":{"emulator":{"name":"functions"},"message":"[worker-us-central1-api-0ef5f0c6-5760-41f6-b472-05fbb712a3c7]: BUSY"}}
[debug] [2022-03-14T18:46:59.742Z] [runtime-status] [96680] Beginning invocation function api! {"metadata":{"emulator":{"name":"functions"},"function":{"name":"us-central1-api"},"extension":{},"message":"[runtime-status] [96680] Beginning invocation function api!"}}
[info] i  functions: Beginning execution of "api" {"metadata":{"emulator":{"name":"functions"},"function":{"name":"us-central1-api"},"extension":{},"message":"Beginning execution of \"api\""}}
[debug] [2022-03-14T18:46:59.743Z] [runtime-status] [96680] Running api in signature http {"metadata":{"emulator":{"name":"functions"},"function":{"name":"us-central1-api"},"extension":{},"message":"[runtime-status] [96680] Running api in signature http"}}
[debug] [2022-03-14T18:46:59.744Z] [runtime-status] [96680] Attempting to listen to socketPath: /var/folders/l0/hbkht1t54nn31n4zhgstn3vr0000gn/T/fire_emu_96680.sock {"metadata":{"emulator":{"name":"functions"},"function":{"name":"us-central1-api"},"extension":{},"message":"[runtime-status] [96680] Attempting to listen to socketPath: /var/folders/l0/hbkht1t54nn31n4zhgstn3vr0000gn/T/fire_emu_96680.sock"}}
[debug] [2022-03-14T18:46:59.745Z] [functions] Runtime ready! Sending request! {"metadata":{"emulator":{"name":"functions"},"message":"[functions] Runtime ready! Sending request!"}}
[debug] [2022-03-14T18:46:59.745Z] [functions] Got req.url=/clone-554ae/us-central1/api/payments/create?total=0, mapping to path=/payments/create?total=0 {"metadata":{"emulator":{"name":"functions"},"message":"[functions] Got req.url=/clone-554ae/us-central1/api/payments/create?total=0, mapping to path=/payments/create?total=0"}}
[debug] [2022-03-14T18:46:59.750Z] [runtime-status] [96680] Ephemeral server handling POST request {"metadata":{"emulator":{"name":"functions"},"function":{"name":"us-central1-api"},"extension":{},"message":"[runtime-status] [96680] Ephemeral server handling POST request"}}
[info] >  Payment Request Received BOOOOM -- total is...  0 {"user":"Payment Request Received BOOOOM -- total is...  0","metadata":{"emulator":{"name":"functions"},"function":{"name":"us-central1-api"},"extension":{},"message":"\u001b[90m> \u001b[39m Payment Request Received BOOOOM -- total is...  0"}}
[debug] [2022-03-14T18:46:59.795Z] [runtime-status] [96680] Ephemeral server survived. {"metadata":{"emulator":{"name":"functions"},"function":{"name":"us-central1-api"},"extension":{},"message":"[runtime-status] [96680] Ephemeral server survived."}}
[info] >  /Users/berryman/Desktop/Amazon-Clone/amazon-clone/functions/node_modules/stripe/lib/Error.js:40 {"user":"/Users/berryman/Desktop/Amazon-Clone/amazon-clone/functions/node_modules/stripe/lib/Error.js:40","metadata":{"emulator":{"name":"functions"},"function":{"name":"us-central1-api"},"extension":{},"message":"\u001b[90m> \u001b[39m /Users/berryman/Desktop/Amazon-Clone/amazon-clone/functions/node_modules/stripe/lib/Error.js:40"}}
[info] >          return new StripeInvalidRequestError(rawStripeError); {"user":"        return new StripeInvalidRequestError(rawStripeError);","metadata":{"emulator":{"name":"functions"},"function":{"name":"us-central1-api"},"extension":{},"message":"\u001b[90m> \u001b[39m         return new StripeInvalidRequestError(rawStripeError);"}}
[info] >                 ^ {"user":"               ^","metadata":{"emulator":{"name":"functions"},"function":{"name":"us-central1-api"},"extension":{},"message":"\u001b[90m> \u001b[39m                ^"}}
[info] >   {"user":"","metadata":{"emulator":{"name":"functions"},"function":{"name":"us-central1-api"},"extension":{},"message":"\u001b[90m> \u001b[39m "}}
[info] >  StripeInvalidRequestError: This value must be greater than or equal to 1. {"user":"StripeInvalidRequestError: This value must be greater than or equal to 1.","metadata":{"emulator":{"name":"functions"},"function":{"name":"us-central1-api"},"extension":{},"message":"\u001b[90m> \u001b[39m StripeInvalidRequestError: This value must be greater than or equal to 1."}}
[info] >      at Function.generate (/Users/berryman/Desktop/Amazon-Clone/amazon-clone/functions/node_modules/stripe/lib/Error.js:40:16) {"user":"    at Function.generate (/Users/berryman/Desktop/Amazon-Clone/amazon-clone/functions/node_modules/stripe/lib/Error.js:40:16)","metadata":{"emulator":{"name":"functions"},"function":{"name":"us-central1-api"},"extension":{},"message":"\u001b[90m> \u001b[39m     at Function.generate (/Users/berryman/Desktop/Amazon-Clone/amazon-clone/functions/node_modules/stripe/lib/Error.js:40:16)"}}
[info] >      at res.toJSON.then.StripeAPIError.message (/Users/berryman/Desktop/Amazon-Clone/amazon-clone/functions/node_modules/stripe/lib/StripeResource.js:220:35) {"user":"    at res.toJSON.then.StripeAPIError.message (/Users/berryman/Desktop/Amazon-Clone/amazon-clone/functions/node_modules/stripe/lib/StripeResource.js:220:35)","metadata":{"emulator":{"name":"functions"},"function":{"name":"us-central1-api"},"extension":{},"message":"\u001b[90m> \u001b[39m     at res.toJSON.then.StripeAPIError.message (/Users/berryman/Desktop/Amazon-Clone/amazon-clone/functions/node_modules/stripe/lib/StripeResource.js:220:35)"}}
[info] >      at processTicksAndRejections (node:internal/process/task_queues:96:5) { {"user":"    at processTicksAndRejections (node:internal/process/task_queues:96:5) {","metadata":{"emulator":{"name":"functions"},"function":{"name":"us-central1-api"},"extension":{},"message":"\u001b[90m> \u001b[39m     at processTicksAndRejections (node:internal/process/task_queues:96:5) {"}}
[info] >    type: 'StripeInvalidRequestError', {"user":"  type: 'StripeInvalidRequestError',","metadata":{"emulator":{"name":"functions"},"function":{"name":"us-central1-api"},"extension":{},"message":"\u001b[90m> \u001b[39m   type: 'StripeInvalidRequestError',"}}
[info] >    raw: { {"user":"  raw: {","metadata":{"emulator":{"name":"functions"},"function":{"name":"us-central1-api"},"extension":{},"message":"\u001b[90m> \u001b[39m   raw: {"}}
[info] >      code: 'parameter_invalid_integer', {"user":"    code: 'parameter_invalid_integer',","metadata":{"emulator":{"name":"functions"},"function":{"name":"us-central1-api"},"extension":{},"message":"\u001b[90m> \u001b[39m     code: 'parameter_invalid_integer',"}}
[info] >      doc_url: 'https://stripe.com/docs/error-codes/parameter-invalid-integer', {"user":"    doc_url: 'https://stripe.com/docs/error-codes/parameter-invalid-integer',","metadata":{"emulator":{"name":"functions"},"function":{"name":"us-central1-api"},"extension":{},"message":"\u001b[90m> \u001b[39m     doc_url: 'https://stripe.com/docs/error-codes/parameter-invalid-integer',"}}
[info] >      message: 'This value must be greater than or equal to 1.', {"user":"    message: 'This value must be greater than or equal to 1.',","metadata":{"emulator":{"name":"functions"},"function":{"name":"us-central1-api"},"extension":{},"message":"\u001b[90m> \u001b[39m     message: 'This value must be greater than or equal to 1.',"}}
[info] >      param: 'amount', {"user":"    param: 'amount',","metadata":{"emulator":{"name":"functions"},"function":{"name":"us-central1-api"},"extension":{},"message":"\u001b[90m> \u001b[39m     param: 'amount',"}}
[info] >      type: 'invalid_request_error', {"user":"    type: 'invalid_request_error',","metadata":{"emulator":{"name":"functions"},"function":{"name":"us-central1-api"},"extension":{},"message":"\u001b[90m> \u001b[39m     type: 'invalid_request_error',"}}
[info] >      headers: { {"user":"    headers: {","metadata":{"emulator":{"name":"functions"},"function":{"name":"us-central1-api"},"extension":{},"message":"\u001b[90m> \u001b[39m     headers: {"}}
[info] >        server: 'nginx', {"user":"      server: 'nginx',","metadata":{"emulator":{"name":"functions"},"function":{"name":"us-central1-api"},"extension":{},"message":"\u001b[90m> \u001b[39m       server: 'nginx',"}}
[info] >        date: 'Mon, 14 Mar 2022 18:47:00 GMT', {"user":"      date: 'Mon, 14 Mar 2022 18:47:00 GMT',","metadata":{"emulator":{"name":"functions"},"function":{"name":"us-central1-api"},"extension":{},"message":"\u001b[90m> \u001b[39m       date: 'Mon, 14 Mar 2022 18:47:00 GMT',"}}
[info] >        'content-type': 'application/json', {"user":"      'content-type': 'application/json',","metadata":{"emulator":{"name":"functions"},"function":{"name":"us-central1-api"},"extension":{},"message":"\u001b[90m> \u001b[39m       'content-type': 'application/json',"}}
[info] >        'content-length': '266', {"user":"      'content-length': '266',","metadata":{"emulator":{"name":"functions"},"function":{"name":"us-central1-api"},"extension":{},"message":"\u001b[90m> \u001b[39m       'content-length': '266',"}}
[info] >        connection: 'keep-alive', {"user":"      connection: 'keep-alive',","metadata":{"emulator":{"name":"functions"},"function":{"name":"us-central1-api"},"extension":{},"message":"\u001b[90m> \u001b[39m       connection: 'keep-alive',"}}
[info] >        'access-control-allow-credentials': 'true', {"user":"      'access-control-allow-credentials': 'true',","metadata":{"emulator":{"name":"functions"},"function":{"name":"us-central1-api"},"extension":{},"message":"\u001b[90m> \u001b[39m       'access-control-allow-credentials': 'true',"}}
[info] >        'access-control-allow-methods': 'GET, POST, HEAD, OPTIONS, DELETE', {"user":"      'access-control-allow-methods': 'GET, POST, HEAD, OPTIONS, DELETE',","metadata":{"emulator":{"name":"functions"},"function":{"name":"us-central1-api"},"extension":{},"message":"\u001b[90m> \u001b[39m       'access-control-allow-methods': 'GET, POST, HEAD, OPTIONS, DELETE',"}}
[info] >        'access-control-allow-origin': '*', {"user":"      'access-control-allow-origin': '*',","metadata":{"emulator":{"name":"functions"},"function":{"name":"us-central1-api"},"extension":{},"message":"\u001b[90m> \u001b[39m       'access-control-allow-origin': '*',"}}
[info] >        'access-control-expose-headers': 'Request-Id, Stripe-Manage-Version, X-Stripe-External-Auth-Required, X-Stripe-Privileged-Session-Required', {"user":"      'access-control-expose-headers': 'Request-Id, Stripe-Manage-Version, X-Stripe-External-Auth-Required, X-Stripe-Privileged-Session-Required',","metadata":{"emulator":{"name":"functions"},"function":{"name":"us-central1-api"},"extension":{},"message":"\u001b[90m> \u001b[39m       'access-control-expose-headers': 'Request-Id, Stripe-Manage-Version, X-Stripe-External-Auth-Required, X-Stripe-Privileged-Session-Required',"}}
[info] >        'access-control-max-age': '300', {"user":"      'access-control-max-age': '300',","metadata":{"emulator":{"name":"functions"},"function":{"name":"us-central1-api"},"extension":{},"message":"\u001b[90m> \u001b[39m       'access-control-max-age': '300',"}}
[info] >        'cache-control': 'no-cache, no-store', {"user":"      'cache-control': 'no-cache, no-store',","metadata":{"emulator":{"name":"functions"},"function":{"name":"us-central1-api"},"extension":{},"message":"\u001b[90m> \u001b[39m       'cache-control': 'no-cache, no-store',"}}
[info] >        'idempotency-key': '34867c7b-677d-402e-b6c9-d59140fcf6f3', {"user":"      'idempotency-key': '34867c7b-677d-402e-b6c9-d59140fcf6f3',","metadata":{"emulator":{"name":"functions"},"function":{"name":"us-central1-api"},"extension":{},"message":"\u001b[90m> \u001b[39m       'idempotency-key': '34867c7b-677d-402e-b6c9-d59140fcf6f3',"}}
[info] >        'original-request': 'req_szf1oPuKP6ZErK', {"user":"      'original-request': 'req_szf1oPuKP6ZErK',","metadata":{"emulator":{"name":"functions"},"function":{"name":"us-central1-api"},"extension":{},"message":"\u001b[90m> \u001b[39m       'original-request': 'req_szf1oPuKP6ZErK',"}}
[info] >        'request-id': 'req_szf1oPuKP6ZErK', {"user":"      'request-id': 'req_szf1oPuKP6ZErK',","metadata":{"emulator":{"name":"functions"},"function":{"name":"us-central1-api"},"extension":{},"message":"\u001b[90m> \u001b[39m       'request-id': 'req_szf1oPuKP6ZErK',"}}
[info] >        'stripe-version': '2020-08-27', {"user":"      'stripe-version': '2020-08-27',","metadata":{"emulator":{"name":"functions"},"function":{"name":"us-central1-api"},"extension":{},"message":"\u001b[90m> \u001b[39m       'stripe-version': '2020-08-27',"}}
[info] >        'strict-transport-security': 'max-age=31556926; includeSubDomains; preload' {"user":"      'strict-transport-security': 'max-age=31556926; includeSubDomains; preload'","metadata":{"emulator":{"name":"functions"},"function":{"name":"us-central1-api"},"extension":{},"message":"\u001b[90m> \u001b[39m       'strict-transport-security': 'max-age=31556926; includeSubDomains; preload'"}}
[info] >      }, {"user":"    },","metadata":{"emulator":{"name":"functions"},"function":{"name":"us-central1-api"},"extension":{},"message":"\u001b[90m> \u001b[39m     },"}}
[info] >      statusCode: 400, {"user":"    statusCode: 400,","metadata":{"emulator":{"name":"functions"},"function":{"name":"us-central1-api"},"extension":{},"message":"\u001b[90m> \u001b[39m     statusCode: 400,"}}
[info] >      requestId: 'req_szf1oPuKP6ZErK' {"user":"    requestId: 'req_szf1oPuKP6ZErK'","metadata":{"emulator":{"name":"functions"},"function":{"name":"us-central1-api"},"extension":{},"message":"\u001b[90m> \u001b[39m     requestId: 'req_szf1oPuKP6ZErK'"}}
[info] >    }, {"user":"  },","metadata":{"emulator":{"name":"functions"},"function":{"name":"us-central1-api"},"extension":{},"message":"\u001b[90m> \u001b[39m   },"}}
[info] >    rawType: 'invalid_request_error', {"user":"  rawType: 'invalid_request_error',","metadata":{"emulator":{"name":"functions"},"function":{"name":"us-central1-api"},"extension":{},"message":"\u001b[90m> \u001b[39m   rawType: 'invalid_request_error',"}}
[info] >    code: 'parameter_invalid_integer', {"user":"  code: 'parameter_invalid_integer',","metadata":{"emulator":{"name":"functions"},"function":{"name":"us-central1-api"},"extension":{},"message":"\u001b[90m> \u001b[39m   code: 'parameter_invalid_integer',"}}
[info] >    doc_url: 'https://stripe.com/docs/error-codes/parameter-invalid-integer', {"user":"  doc_url: 'https://stripe.com/docs/error-codes/parameter-invalid-integer',","metadata":{"emulator":{"name":"functions"},"function":{"name":"us-central1-api"},"extension":{},"message":"\u001b[90m> \u001b[39m   doc_url: 'https://stripe.com/docs/error-codes/parameter-invalid-integer',"}}
[info] >    param: 'amount', {"user":"  param: 'amount',","metadata":{"emulator":{"name":"functions"},"function":{"name":"us-central1-api"},"extension":{},"message":"\u001b[90m> \u001b[39m   param: 'amount',"}}
[info] >    detail: undefined, {"user":"  detail: undefined,","metadata":{"emulator":{"name":"functions"},"function":{"name":"us-central1-api"},"extension":{},"message":"\u001b[90m> \u001b[39m   detail: undefined,"}}
[info] >    headers: { {"user":"  headers: {","metadata":{"emulator":{"name":"functions"},"function":{"name":"us-central1-api"},"extension":{},"message":"\u001b[90m> \u001b[39m   headers: {"}}
[info] >      server: 'nginx', {"user":"    server: 'nginx',","metadata":{"emulator":{"name":"functions"},"function":{"name":"us-central1-api"},"extension":{},"message":"\u001b[90m> \u001b[39m     server: 'nginx',"}}
[info] >      date: 'Mon, 14 Mar 2022 18:47:00 GMT', {"user":"    date: 'Mon, 14 Mar 2022 18:47:00 GMT',","metadata":{"emulator":{"name":"functions"},"function":{"name":"us-central1-api"},"extension":{},"message":"\u001b[90m> \u001b[39m     date: 'Mon, 14 Mar 2022 18:47:00 GMT',"}}
[info] >      'content-type': 'application/json', {"user":"    'content-type': 'application/json',","metadata":{"emulator":{"name":"functions"},"function":{"name":"us-central1-api"},"extension":{},"message":"\u001b[90m> \u001b[39m     'content-type': 'application/json',"}}
[info] >      'content-length': '266', {"user":"    'content-length': '266',","metadata":{"emulator":{"name":"functions"},"function":{"name":"us-central1-api"},"extension":{},"message":"\u001b[90m> \u001b[39m     'content-length': '266',"}}
[info] >      connection: 'keep-alive', {"user":"    connection: 'keep-alive',","metadata":{"emulator":{"name":"functions"},"function":{"name":"us-central1-api"},"extension":{},"message":"\u001b[90m> \u001b[39m     connection: 'keep-alive',"}}
[info] >      'access-control-allow-credentials': 'true', {"user":"    'access-control-allow-credentials': 'true',","metadata":{"emulator":{"name":"functions"},"function":{"name":"us-central1-api"},"extension":{},"message":"\u001b[90m> \u001b[39m     'access-control-allow-credentials': 'true',"}}
[info] >      'access-control-allow-methods': 'GET, POST, HEAD, OPTIONS, DELETE', {"user":"    'access-control-allow-methods': 'GET, POST, HEAD, OPTIONS, DELETE',","metadata":{"emulator":{"name":"functions"},"function":{"name":"us-central1-api"},"extension":{},"message":"\u001b[90m> \u001b[39m     'access-control-allow-methods': 'GET, POST, HEAD, OPTIONS, DELETE',"}}
[info] >      'access-control-allow-origin': '*', {"user":"    'access-control-allow-origin': '*',","metadata":{"emulator":{"name":"functions"},"function":{"name":"us-central1-api"},"extension":{},"message":"\u001b[90m> \u001b[39m     'access-control-allow-origin': '*',"}}
[info] >      'access-control-expose-headers': 'Request-Id, Stripe-Manage-Version, X-Stripe-External-Auth-Required, X-Stripe-Privileged-Session-Required', {"user":"    'access-control-expose-headers': 'Request-Id, Stripe-Manage-Version, X-Stripe-External-Auth-Required, X-Stripe-Privileged-Session-Required',","metadata":{"emulator":{"name":"functions"},"function":{"name":"us-central1-api"},"extension":{},"message":"\u001b[90m> \u001b[39m     'access-control-expose-headers': 'Request-Id, Stripe-Manage-Version, X-Stripe-External-Auth-Required, X-Stripe-Privileged-Session-Required',"}}
[info] >      'access-control-max-age': '300', {"user":"    'access-control-max-age': '300',","metadata":{"emulator":{"name":"functions"},"function":{"name":"us-central1-api"},"extension":{},"message":"\u001b[90m> \u001b[39m     'access-control-max-age': '300',"}}
[info] >      'cache-control': 'no-cache, no-store', {"user":"    'cache-control': 'no-cache, no-store',","metadata":{"emulator":{"name":"functions"},"function":{"name":"us-central1-api"},"extension":{},"message":"\u001b[90m> \u001b[39m     'cache-control': 'no-cache, no-store',"}}
[info] >      'idempotency-key': '34867c7b-677d-402e-b6c9-d59140fcf6f3', {"user":"    'idempotency-key': '34867c7b-677d-402e-b6c9-d59140fcf6f3',","metadata":{"emulator":{"name":"functions"},"function":{"name":"us-central1-api"},"extension":{},"message":"\u001b[90m> \u001b[39m     'idempotency-key': '34867c7b-677d-402e-b6c9-d59140fcf6f3',"}}
[info] >      'original-request': 'req_szf1oPuKP6ZErK', {"user":"    'original-request': 'req_szf1oPuKP6ZErK',","metadata":{"emulator":{"name":"functions"},"function":{"name":"us-central1-api"},"extension":{},"message":"\u001b[90m> \u001b[39m     'original-request': 'req_szf1oPuKP6ZErK',"}}
[info] >      'request-id': 'req_szf1oPuKP6ZErK', {"user":"    'request-id': 'req_szf1oPuKP6ZErK',","metadata":{"emulator":{"name":"functions"},"function":{"name":"us-central1-api"},"extension":{},"message":"\u001b[90m> \u001b[39m     'request-id': 'req_szf1oPuKP6ZErK',"}}
[info] >      'stripe-version': '2020-08-27', {"user":"    'stripe-version': '2020-08-27',","metadata":{"emulator":{"name":"functions"},"function":{"name":"us-central1-api"},"extension":{},"message":"\u001b[90m> \u001b[39m     'stripe-version': '2020-08-27',"}}
[info] >      'strict-transport-security': 'max-age=31556926; includeSubDomains; preload' {"user":"    'strict-transport-security': 'max-age=31556926; includeSubDomains; preload'","metadata":{"emulator":{"name":"functions"},"function":{"name":"us-central1-api"},"extension":{},"message":"\u001b[90m> \u001b[39m     'strict-transport-security': 'max-age=31556926; includeSubDomains; preload'"}}
[info] >    }, {"user":"  },","metadata":{"emulator":{"name":"functions"},"function":{"name":"us-central1-api"},"extension":{},"message":"\u001b[90m> \u001b[39m   },"}}
[info] >    requestId: 'req_szf1oPuKP6ZErK', {"user":"  requestId: 'req_szf1oPuKP6ZErK',","metadata":{"emulator":{"name":"functions"},"function":{"name":"us-central1-api"},"extension":{},"message":"\u001b[90m> \u001b[39m   requestId: 'req_szf1oPuKP6ZErK',"}}
[info] >    statusCode: 400, {"user":"  statusCode: 400,","metadata":{"emulator":{"name":"functions"},"function":{"name":"us-central1-api"},"extension":{},"message":"\u001b[90m> \u001b[39m   statusCode: 400,"}}
[info] >    charge: undefined, {"user":"  charge: undefined,","metadata":{"emulator":{"name":"functions"},"function":{"name":"us-central1-api"},"extension":{},"message":"\u001b[90m> \u001b[39m   charge: undefined,"}}
[info] >    decline_code: undefined, {"user":"  decline_code: undefined,","metadata":{"emulator":{"name":"functions"},"function":{"name":"us-central1-api"},"extension":{},"message":"\u001b[90m> \u001b[39m   decline_code: undefined,"}}
[info] >    payment_intent: undefined, {"user":"  payment_intent: undefined,","metadata":{"emulator":{"name":"functions"},"function":{"name":"us-central1-api"},"extension":{},"message":"\u001b[90m> \u001b[39m   payment_intent: undefined,"}}
[info] >    payment_method: undefined, {"user":"  payment_method: undefined,","metadata":{"emulator":{"name":"functions"},"function":{"name":"us-central1-api"},"extension":{},"message":"\u001b[90m> \u001b[39m   payment_method: undefined,"}}
[info] >    payment_method_type: undefined, {"user":"  payment_method_type: undefined,","metadata":{"emulator":{"name":"functions"},"function":{"name":"us-central1-api"},"extension":{},"message":"\u001b[90m> \u001b[39m   payment_method_type: undefined,"}}
[info] >    setup_intent: undefined, {"user":"  setup_intent: undefined,","metadata":{"emulator":{"name":"functions"},"function":{"name":"us-central1-api"},"extension":{},"message":"\u001b[90m> \u001b[39m   setup_intent: undefined,"}}
[info] >    source: undefined {"user":"  source: undefined","metadata":{"emulator":{"name":"functions"},"function":{"name":"us-central1-api"},"extension":{},"message":"\u001b[90m> \u001b[39m   source: undefined"}}
[info] >  } {"user":"}","metadata":{"emulator":{"name":"functions"},"function":{"name":"us-central1-api"},"extension":{},"message":"\u001b[90m> \u001b[39m }"}}
[debug] [2022-03-14T18:47:00.353Z] [worker-us-central1-api-0ef5f0c6-5760-41f6-b472-05fbb712a3c7]: exited {"metadata":{"emulator":{"name":"functions"},"message":"[worker-us-central1-api-0ef5f0c6-5760-41f6-b472-05fbb712a3c7]: exited"}}
[debug] [2022-03-14T18:47:00.353Z] [worker-us-central1-api-0ef5f0c6-5760-41f6-b472-05fbb712a3c7]: FINISHED {"metadata":{"emulator":{"name":"functions"},"message":"[worker-us-central1-api-0ef5f0c6-5760-41f6-b472-05fbb712a3c7]: FINISHED"}}
[debug] [2022-03-14T18:47:00.354Z] [work-queue] {"queueLength":0,"workRunningCount":0}
[debug] [2022-03-14T18:47:18.641Z] [work-queue] {"queueLength":1,"workRunningCount":0}
[debug] [2022-03-14T18:47:18.643Z] [work-queue] {"queueLength":0,"workRunningCount":1}
[debug] [2022-03-14T18:47:18.644Z] Accepted request POST /clone-554ae/us-central1/api/payments/create?total=789 --> us-central1-api
[debug] [2022-03-14T18:47:18.644Z] [worker-pool] Cleaned up workers for us-central1-api: 1 --> 0 {"metadata":{"emulator":{"name":"functions"},"message":"[worker-pool] Cleaned up workers for us-central1-api: 1 --> 0"}}
[debug] [2022-03-14T18:47:18.653Z] [worker-pool] addWorker(us-central1-api) {"metadata":{"emulator":{"name":"functions"},"message":"[worker-pool] addWorker(us-central1-api)"}}
[debug] [2022-03-14T18:47:18.653Z] [worker-pool] Adding worker with key us-central1-api, total=1 {"metadata":{"emulator":{"name":"functions"},"message":"[worker-pool] Adding worker with key us-central1-api, total=1"}}
[debug] [2022-03-14T18:47:18.653Z] [worker-pool] submitWork(triggerId=us-central1-api) {"metadata":{"emulator":{"name":"functions"},"message":"[worker-pool] submitWork(triggerId=us-central1-api)"}}
[debug] [2022-03-14T18:47:18.654Z] [worker-us-central1-api-edb49d96-176b-4eac-80e2-66bcc45ef784]: Assigning socketPath: /var/folders/l0/hbkht1t54nn31n4zhgstn3vr0000gn/T/fire_emu_96699.sock {"metadata":{"emulator":{"name":"functions"},"message":"[worker-us-central1-api-edb49d96-176b-4eac-80e2-66bcc45ef784]: Assigning socketPath: /var/folders/l0/hbkht1t54nn31n4zhgstn3vr0000gn/T/fire_emu_96699.sock"}}
[debug] [2022-03-14T18:47:18.657Z] [worker-us-central1-api-edb49d96-176b-4eac-80e2-66bcc45ef784]: BUSY {"metadata":{"emulator":{"name":"functions"},"message":"[worker-us-central1-api-edb49d96-176b-4eac-80e2-66bcc45ef784]: BUSY"}}
[debug] [2022-03-14T18:47:20.772Z] [runtime-status] [96699] Functions runtime initialized. {"cwd":"/Users/berryman/Desktop/Amazon-Clone/amazon-clone/functions","node_version":"16.13.1"} {"metadata":{"emulator":{"name":"functions"},"function":{"name":"us-central1-api"},"extension":{},"message":"[runtime-status] [96699] Functions runtime initialized. {\"cwd\":\"/Users/berryman/Desktop/Amazon-Clone/amazon-clone/functions\",\"node_version\":\"16.13.1\"}"}}
[debug] [2022-03-14T18:47:20.774Z] [runtime-status] [96699] Disabled runtime features: undefined {"metadata":{"emulator":{"name":"functions"},"function":{"name":"us-central1-api"},"extension":{},"message":"[runtime-status] [96699] Disabled runtime features: undefined"}}
[debug] [2022-03-14T18:47:20.779Z] [runtime-status] [96699] Resolved module firebase-admin {"declared":true,"installed":true,"version":"10.0.2","resolution":"/Users/berryman/Desktop/Amazon-Clone/amazon-clone/functions/node_modules/firebase-admin/lib/index.js"} {"metadata":{"emulator":{"name":"functions"},"function":{"name":"us-central1-api"},"extension":{},"message":"[runtime-status] [96699] Resolved module firebase-admin {\"declared\":true,\"installed\":true,\"version\":\"10.0.2\",\"resolution\":\"/Users/berryman/Desktop/Amazon-Clone/amazon-clone/functions/node_modules/firebase-admin/lib/index.js\"}"}}
[debug] [2022-03-14T18:47:20.781Z] [runtime-status] [96699] Resolved module firebase-functions {"declared":true,"installed":true,"version":"3.18.1","resolution":"/Users/berryman/Desktop/Amazon-Clone/amazon-clone/functions/node_modules/firebase-functions/lib/index.js"} {"metadata":{"emulator":{"name":"functions"},"function":{"name":"us-central1-api"},"extension":{},"message":"[runtime-status] [96699] Resolved module firebase-functions {\"declared\":true,\"installed\":true,\"version\":\"3.18.1\",\"resolution\":\"/Users/berryman/Desktop/Amazon-Clone/amazon-clone/functions/node_modules/firebase-functions/lib/index.js\"}"}}
[debug] [2022-03-14T18:47:20.782Z] [runtime-status] [96699] Outgoing network have been stubbed. [{"name":"http","status":"mocked"},{"name":"http","status":"mocked"},{"name":"https","status":"mocked"},{"name":"https","status":"mocked"},{"name":"net","status":"mocked"}] {"metadata":{"emulator":{"name":"functions"},"function":{"name":"us-central1-api"},"extension":{},"message":"[runtime-status] [96699] Outgoing network have been stubbed. [{\"name\":\"http\",\"status\":\"mocked\"},{\"name\":\"http\",\"status\":\"mocked\"},{\"name\":\"https\",\"status\":\"mocked\"},{\"name\":\"https\",\"status\":\"mocked\"},{\"name\":\"net\",\"status\":\"mocked\"}]"}}
[debug] [2022-03-14T18:47:20.783Z] [runtime-status] [96699] Resolved module firebase-functions {"declared":true,"installed":true,"version":"3.18.1","resolution":"/Users/berryman/Desktop/Amazon-Clone/amazon-clone/functions/node_modules/firebase-functions/lib/index.js"} {"metadata":{"emulator":{"name":"functions"},"function":{"name":"us-central1-api"},"extension":{},"message":"[runtime-status] [96699] Resolved module firebase-functions {\"declared\":true,\"installed\":true,\"version\":\"3.18.1\",\"resolution\":\"/Users/berryman/Desktop/Amazon-Clone/amazon-clone/functions/node_modules/firebase-functions/lib/index.js\"}"}}
[debug] [2022-03-14T18:47:20.881Z] [runtime-status] [96699] Checked functions.config() {"config":{}} {"metadata":{"emulator":{"name":"functions"},"function":{"name":"us-central1-api"},"extension":{},"message":"[runtime-status] [96699] Checked functions.config() {\"config\":{}}"}}
[debug] [2022-03-14T18:47:20.881Z] [runtime-status] [96699] firebase-functions has been stubbed. {"functionsResolution":{"declared":true,"installed":true,"version":"3.18.1","resolution":"/Users/berryman/Desktop/Amazon-Clone/amazon-clone/functions/node_modules/firebase-functions/lib/index.js"}} {"metadata":{"emulator":{"name":"functions"},"function":{"name":"us-central1-api"},"extension":{},"message":"[runtime-status] [96699] firebase-functions has been stubbed. {\"functionsResolution\":{\"declared\":true,\"installed\":true,\"version\":\"3.18.1\",\"resolution\":\"/Users/berryman/Desktop/Amazon-Clone/amazon-clone/functions/node_modules/firebase-functions/lib/index.js\"}}"}}
[debug] [2022-03-14T18:47:20.883Z] [runtime-status] [96699] Resolved module firebase-functions {"declared":true,"installed":true,"version":"3.18.1","resolution":"/Users/berryman/Desktop/Amazon-Clone/amazon-clone/functions/node_modules/firebase-functions/lib/index.js"} {"metadata":{"emulator":{"name":"functions"},"function":{"name":"us-central1-api"},"extension":{},"message":"[runtime-status] [96699] Resolved module firebase-functions {\"declared\":true,\"installed\":true,\"version\":\"3.18.1\",\"resolution\":\"/Users/berryman/Desktop/Amazon-Clone/amazon-clone/functions/node_modules/firebase-functions/lib/index.js\"}"}}
[debug] [2022-03-14T18:47:20.885Z] [runtime-status] [96699] Resolved module firebase-admin {"declared":true,"installed":true,"version":"10.0.2","resolution":"/Users/berryman/Desktop/Amazon-Clone/amazon-clone/functions/node_modules/firebase-admin/lib/index.js"} {"metadata":{"emulator":{"name":"functions"},"function":{"name":"us-central1-api"},"extension":{},"message":"[runtime-status] [96699] Resolved module firebase-admin {\"declared\":true,\"installed\":true,\"version\":\"10.0.2\",\"resolution\":\"/Users/berryman/Desktop/Amazon-Clone/amazon-clone/functions/node_modules/firebase-admin/lib/index.js\"}"}}
[debug] [2022-03-14T18:47:20.886Z] [runtime-status] [96699] Resolved module firebase-functions {"declared":true,"installed":true,"version":"3.18.1","resolution":"/Users/berryman/Desktop/Amazon-Clone/amazon-clone/functions/node_modules/firebase-functions/lib/index.js"} {"metadata":{"emulator":{"name":"functions"},"function":{"name":"us-central1-api"},"extension":{},"message":"[runtime-status] [96699] Resolved module firebase-functions {\"declared\":true,\"installed\":true,\"version\":\"3.18.1\",\"resolution\":\"/Users/berryman/Desktop/Amazon-Clone/amazon-clone/functions/node_modules/firebase-functions/lib/index.js\"}"}}
[debug] [2022-03-14T18:47:20.886Z] [runtime-status] [96699] firebase-admin has been stubbed. {"adminResolution":{"declared":true,"installed":true,"version":"10.0.2","resolution":"/Users/berryman/Desktop/Amazon-Clone/amazon-clone/functions/node_modules/firebase-admin/lib/index.js"}} {"metadata":{"emulator":{"name":"functions"},"function":{"name":"us-central1-api"},"extension":{},"message":"[runtime-status] [96699] firebase-admin has been stubbed. {\"adminResolution\":{\"declared\":true,\"installed\":true,\"version\":\"10.0.2\",\"resolution\":\"/Users/berryman/Desktop/Amazon-Clone/amazon-clone/functions/node_modules/firebase-admin/lib/index.js\"}}"}}
[debug] [2022-03-14T18:47:21.243Z] [runtime-status] [96699] Beginning invocation function api! {"metadata":{"emulator":{"name":"functions"},"function":{"name":"us-central1-api"},"extension":{},"message":"[runtime-status] [96699] Beginning invocation function api!"}}
[info] i  functions: Beginning execution of "api" {"metadata":{"emulator":{"name":"functions"},"function":{"name":"us-central1-api"},"extension":{},"message":"Beginning execution of \"api\""}}
[debug] [2022-03-14T18:47:21.246Z] [runtime-status] [96699] Running api in signature http {"metadata":{"emulator":{"name":"functions"},"function":{"name":"us-central1-api"},"extension":{},"message":"[runtime-status] [96699] Running api in signature http"}}
[debug] [2022-03-14T18:47:21.251Z] [runtime-status] [96699] Attempting to listen to socketPath: /var/folders/l0/hbkht1t54nn31n4zhgstn3vr0000gn/T/fire_emu_96699.sock {"metadata":{"emulator":{"name":"functions"},"function":{"name":"us-central1-api"},"extension":{},"message":"[runtime-status] [96699] Attempting to listen to socketPath: /var/folders/l0/hbkht1t54nn31n4zhgstn3vr0000gn/T/fire_emu_96699.sock"}}
[debug] [2022-03-14T18:47:21.258Z] [functions] Runtime ready! Sending request! {"metadata":{"emulator":{"name":"functions"},"message":"[functions] Runtime ready! Sending request!"}}
[debug] [2022-03-14T18:47:21.259Z] [functions] Got req.url=/clone-554ae/us-central1/api/payments/create?total=789, mapping to path=/payments/create?total=789 {"metadata":{"emulator":{"name":"functions"},"message":"[functions] Got req.url=/clone-554ae/us-central1/api/payments/create?total=789, mapping to path=/payments/create?total=789"}}
[debug] [2022-03-14T18:47:21.275Z] [runtime-status] [96699] Ephemeral server handling POST request {"metadata":{"emulator":{"name":"functions"},"function":{"name":"us-central1-api"},"extension":{},"message":"[runtime-status] [96699] Ephemeral server handling POST request"}}
[info] >  Payment Request Received BOOOOM -- total is...  789 {"user":"Payment Request Received BOOOOM -- total is...  789","metadata":{"emulator":{"name":"functions"},"function":{"name":"us-central1-api"},"extension":{},"message":"\u001b[90m> \u001b[39m Payment Request Received BOOOOM -- total is...  789"}}
[debug] [2022-03-14T18:47:21.294Z] [runtime-status] [96699] Ephemeral server survived. {"metadata":{"emulator":{"name":"functions"},"function":{"name":"us-central1-api"},"extension":{},"message":"[runtime-status] [96699] Ephemeral server survived."}}
[info] i  functions: Finished "api" in ~1s {"metadata":{"emulator":{"name":"functions"},"function":{"name":"us-central1-api"},"extension":{},"message":"Finished \"api\" in ~1s"}}
[debug] [2022-03-14T18:47:21.794Z] [worker-us-central1-api-edb49d96-176b-4eac-80e2-66bcc45ef784]: IDLE {"metadata":{"emulator":{"name":"functions"},"message":"[worker-us-central1-api-edb49d96-176b-4eac-80e2-66bcc45ef784]: IDLE"}}
[debug] [2022-03-14T18:47:21.794Z] [work-queue] {"queueLength":0,"workRunningCount":0}
[debug] [2022-03-14T19:03:53.531Z] [work-queue] {"queueLength":1,"workRunningCount":0}
[debug] [2022-03-14T19:03:53.544Z] [work-queue] {"queueLength":0,"workRunningCount":1}
[debug] [2022-03-14T19:03:53.545Z] Accepted request POST /clone-554ae/us-central1/api/payments/create?total=2088 --> us-central1-api
[debug] [2022-03-14T19:03:53.547Z] [worker-pool] submitWork(triggerId=us-central1-api) {"metadata":{"emulator":{"name":"functions"},"message":"[worker-pool] submitWork(triggerId=us-central1-api)"}}
[debug] [2022-03-14T19:03:53.552Z] [worker-us-central1-api-edb49d96-176b-4eac-80e2-66bcc45ef784]: Assigning socketPath: /var/folders/l0/hbkht1t54nn31n4zhgstn3vr0000gn/T/fire_emu_96699.sock {"metadata":{"emulator":{"name":"functions"},"message":"[worker-us-central1-api-edb49d96-176b-4eac-80e2-66bcc45ef784]: Assigning socketPath: /var/folders/l0/hbkht1t54nn31n4zhgstn3vr0000gn/T/fire_emu_96699.sock"}}
[debug] [2022-03-14T19:03:53.553Z] [worker-us-central1-api-edb49d96-176b-4eac-80e2-66bcc45ef784]: BUSY {"metadata":{"emulator":{"name":"functions"},"message":"[worker-us-central1-api-edb49d96-176b-4eac-80e2-66bcc45ef784]: BUSY"}}
[debug] [2022-03-14T19:03:53.651Z] [runtime-status] [96699] Beginning invocation function api! {"metadata":{"emulator":{"name":"functions"},"function":{"name":"us-central1-api"},"extension":{},"message":"[runtime-status] [96699] Beginning invocation function api!"}}
[info] i  functions: Beginning execution of "api" {"metadata":{"emulator":{"name":"functions"},"function":{"name":"us-central1-api"},"extension":{},"message":"Beginning execution of \"api\""}}
[debug] [2022-03-14T19:03:53.666Z] [runtime-status] [96699] Running api in signature http {"metadata":{"emulator":{"name":"functions"},"function":{"name":"us-central1-api"},"extension":{},"message":"[runtime-status] [96699] Running api in signature http"}}
[debug] [2022-03-14T19:03:53.710Z] [runtime-status] [96699] Attempting to listen to socketPath: /var/folders/l0/hbkht1t54nn31n4zhgstn3vr0000gn/T/fire_emu_96699.sock {"metadata":{"emulator":{"name":"functions"},"function":{"name":"us-central1-api"},"extension":{},"message":"[runtime-status] [96699] Attempting to listen to socketPath: /var/folders/l0/hbkht1t54nn31n4zhgstn3vr0000gn/T/fire_emu_96699.sock"}}
[debug] [2022-03-14T19:03:53.731Z] [functions] Runtime ready! Sending request! {"metadata":{"emulator":{"name":"functions"},"message":"[functions] Runtime ready! Sending request!"}}
[debug] [2022-03-14T19:03:53.736Z] [functions] Got req.url=/clone-554ae/us-central1/api/payments/create?total=2088, mapping to path=/payments/create?total=2088 {"metadata":{"emulator":{"name":"functions"},"message":"[functions] Got req.url=/clone-554ae/us-central1/api/payments/create?total=2088, mapping to path=/payments/create?total=2088"}}
[debug] [2022-03-14T19:03:53.769Z] [runtime-status] [96699] Ephemeral server handling POST request {"metadata":{"emulator":{"name":"functions"},"function":{"name":"us-central1-api"},"extension":{},"message":"[runtime-status] [96699] Ephemeral server handling POST request"}}
[info] >  Payment Request Received BOOOOM -- total is...  2088 {"user":"Payment Request Received BOOOOM -- total is...  2088","metadata":{"emulator":{"name":"functions"},"function":{"name":"us-central1-api"},"extension":{},"message":"\u001b[90m> \u001b[39m Payment Request Received BOOOOM -- total is...  2088"}}
[debug] [2022-03-14T19:03:53.829Z] [runtime-status] [96699] Ephemeral server survived. {"metadata":{"emulator":{"name":"functions"},"function":{"name":"us-central1-api"},"extension":{},"message":"[runtime-status] [96699] Ephemeral server survived."}}
[info] i  functions: Finished "api" in ~1s {"metadata":{"emulator":{"name":"functions"},"function":{"name":"us-central1-api"},"extension":{},"message":"Finished \"api\" in ~1s"}}
[debug] [2022-03-14T19:03:54.244Z] [worker-us-central1-api-edb49d96-176b-4eac-80e2-66bcc45ef784]: IDLE {"metadata":{"emulator":{"name":"functions"},"message":"[worker-us-central1-api-edb49d96-176b-4eac-80e2-66bcc45ef784]: IDLE"}}
[debug] [2022-03-14T19:03:54.245Z] [work-queue] {"queueLength":0,"workRunningCount":0}
[debug] [2022-03-14T19:04:35.101Z] [work-queue] {"queueLength":1,"workRunningCount":0}
[debug] [2022-03-14T19:04:35.102Z] [work-queue] {"queueLength":0,"workRunningCount":1}
[debug] [2022-03-14T19:04:35.102Z] Accepted request POST /clone-554ae/us-central1/api/payments/create?total=0 --> us-central1-api
[debug] [2022-03-14T19:04:35.103Z] [worker-pool] submitWork(triggerId=us-central1-api) {"metadata":{"emulator":{"name":"functions"},"message":"[worker-pool] submitWork(triggerId=us-central1-api)"}}
[debug] [2022-03-14T19:04:35.103Z] [worker-us-central1-api-edb49d96-176b-4eac-80e2-66bcc45ef784]: Assigning socketPath: /var/folders/l0/hbkht1t54nn31n4zhgstn3vr0000gn/T/fire_emu_96699.sock {"metadata":{"emulator":{"name":"functions"},"message":"[worker-us-central1-api-edb49d96-176b-4eac-80e2-66bcc45ef784]: Assigning socketPath: /var/folders/l0/hbkht1t54nn31n4zhgstn3vr0000gn/T/fire_emu_96699.sock"}}
[debug] [2022-03-14T19:04:35.103Z] [worker-us-central1-api-edb49d96-176b-4eac-80e2-66bcc45ef784]: BUSY {"metadata":{"emulator":{"name":"functions"},"message":"[worker-us-central1-api-edb49d96-176b-4eac-80e2-66bcc45ef784]: BUSY"}}
[debug] [2022-03-14T19:04:35.105Z] [runtime-status] [96699] Beginning invocation function api! {"metadata":{"emulator":{"name":"functions"},"function":{"name":"us-central1-api"},"extension":{},"message":"[runtime-status] [96699] Beginning invocation function api!"}}
[info] i  functions: Beginning execution of "api" {"metadata":{"emulator":{"name":"functions"},"function":{"name":"us-central1-api"},"extension":{},"message":"Beginning execution of \"api\""}}
[debug] [2022-03-14T19:04:35.106Z] [runtime-status] [96699] Running api in signature http {"metadata":{"emulator":{"name":"functions"},"function":{"name":"us-central1-api"},"extension":{},"message":"[runtime-status] [96699] Running api in signature http"}}
[debug] [2022-03-14T19:04:35.107Z] [runtime-status] [96699] Attempting to listen to socketPath: /var/folders/l0/hbkht1t54nn31n4zhgstn3vr0000gn/T/fire_emu_96699.sock {"metadata":{"emulator":{"name":"functions"},"function":{"name":"us-central1-api"},"extension":{},"message":"[runtime-status] [96699] Attempting to listen to socketPath: /var/folders/l0/hbkht1t54nn31n4zhgstn3vr0000gn/T/fire_emu_96699.sock"}}
[debug] [2022-03-14T19:04:35.109Z] [functions] Runtime ready! Sending request! {"metadata":{"emulator":{"name":"functions"},"message":"[functions] Runtime ready! Sending request!"}}
[debug] [2022-03-14T19:04:35.110Z] [functions] Got req.url=/clone-554ae/us-central1/api/payments/create?total=0, mapping to path=/payments/create?total=0 {"metadata":{"emulator":{"name":"functions"},"message":"[functions] Got req.url=/clone-554ae/us-central1/api/payments/create?total=0, mapping to path=/payments/create?total=0"}}
[debug] [2022-03-14T19:04:35.115Z] [runtime-status] [96699] Ephemeral server handling POST request {"metadata":{"emulator":{"name":"functions"},"function":{"name":"us-central1-api"},"extension":{},"message":"[runtime-status] [96699] Ephemeral server handling POST request"}}
[info] >  Payment Request Received BOOOOM -- total is...  0 {"user":"Payment Request Received BOOOOM -- total is...  0","metadata":{"emulator":{"name":"functions"},"function":{"name":"us-central1-api"},"extension":{},"message":"\u001b[90m> \u001b[39m Payment Request Received BOOOOM -- total is...  0"}}
[debug] [2022-03-14T19:04:35.121Z] [runtime-status] [96699] Ephemeral server survived. {"metadata":{"emulator":{"name":"functions"},"function":{"name":"us-central1-api"},"extension":{},"message":"[runtime-status] [96699] Ephemeral server survived."}}
[info] >  /Users/berryman/Desktop/Amazon-Clone/amazon-clone/functions/node_modules/stripe/lib/Error.js:40 {"user":"/Users/berryman/Desktop/Amazon-Clone/amazon-clone/functions/node_modules/stripe/lib/Error.js:40","metadata":{"emulator":{"name":"functions"},"function":{"name":"us-central1-api"},"extension":{},"message":"\u001b[90m> \u001b[39m /Users/berryman/Desktop/Amazon-Clone/amazon-clone/functions/node_modules/stripe/lib/Error.js:40"}}
[info] >          return new StripeInvalidRequestError(rawStripeError); {"user":"        return new StripeInvalidRequestError(rawStripeError);","metadata":{"emulator":{"name":"functions"},"function":{"name":"us-central1-api"},"extension":{},"message":"\u001b[90m> \u001b[39m         return new StripeInvalidRequestError(rawStripeError);"}}
[info] >                 ^ {"user":"               ^","metadata":{"emulator":{"name":"functions"},"function":{"name":"us-central1-api"},"extension":{},"message":"\u001b[90m> \u001b[39m                ^"}}
[info] >   {"user":"","metadata":{"emulator":{"name":"functions"},"function":{"name":"us-central1-api"},"extension":{},"message":"\u001b[90m> \u001b[39m "}}
[info] >  StripeInvalidRequestError: This value must be greater than or equal to 1. {"user":"StripeInvalidRequestError: This value must be greater than or equal to 1.","metadata":{"emulator":{"name":"functions"},"function":{"name":"us-central1-api"},"extension":{},"message":"\u001b[90m> \u001b[39m StripeInvalidRequestError: This value must be greater than or equal to 1."}}
[info] >      at Function.generate (/Users/berryman/Desktop/Amazon-Clone/amazon-clone/functions/node_modules/stripe/lib/Error.js:40:16) {"user":"    at Function.generate (/Users/berryman/Desktop/Amazon-Clone/amazon-clone/functions/node_modules/stripe/lib/Error.js:40:16)","metadata":{"emulator":{"name":"functions"},"function":{"name":"us-central1-api"},"extension":{},"message":"\u001b[90m> \u001b[39m     at Function.generate (/Users/berryman/Desktop/Amazon-Clone/amazon-clone/functions/node_modules/stripe/lib/Error.js:40:16)"}}
[info] >      at res.toJSON.then.StripeAPIError.message (/Users/berryman/Desktop/Amazon-Clone/amazon-clone/functions/node_modules/stripe/lib/StripeResource.js:220:35) {"user":"    at res.toJSON.then.StripeAPIError.message (/Users/berryman/Desktop/Amazon-Clone/amazon-clone/functions/node_modules/stripe/lib/StripeResource.js:220:35)","metadata":{"emulator":{"name":"functions"},"function":{"name":"us-central1-api"},"extension":{},"message":"\u001b[90m> \u001b[39m     at res.toJSON.then.StripeAPIError.message (/Users/berryman/Desktop/Amazon-Clone/amazon-clone/functions/node_modules/stripe/lib/StripeResource.js:220:35)"}}
[info] >      at processTicksAndRejections (node:internal/process/task_queues:96:5) { {"user":"    at processTicksAndRejections (node:internal/process/task_queues:96:5) {","metadata":{"emulator":{"name":"functions"},"function":{"name":"us-central1-api"},"extension":{},"message":"\u001b[90m> \u001b[39m     at processTicksAndRejections (node:internal/process/task_queues:96:5) {"}}
[info] >    type: 'StripeInvalidRequestError', {"user":"  type: 'StripeInvalidRequestError',","metadata":{"emulator":{"name":"functions"},"function":{"name":"us-central1-api"},"extension":{},"message":"\u001b[90m> \u001b[39m   type: 'StripeInvalidRequestError',"}}
[info] >    raw: { {"user":"  raw: {","metadata":{"emulator":{"name":"functions"},"function":{"name":"us-central1-api"},"extension":{},"message":"\u001b[90m> \u001b[39m   raw: {"}}
[info] >      code: 'parameter_invalid_integer', {"user":"    code: 'parameter_invalid_integer',","metadata":{"emulator":{"name":"functions"},"function":{"name":"us-central1-api"},"extension":{},"message":"\u001b[90m> \u001b[39m     code: 'parameter_invalid_integer',"}}
[info] >      doc_url: 'https://stripe.com/docs/error-codes/parameter-invalid-integer', {"user":"    doc_url: 'https://stripe.com/docs/error-codes/parameter-invalid-integer',","metadata":{"emulator":{"name":"functions"},"function":{"name":"us-central1-api"},"extension":{},"message":"\u001b[90m> \u001b[39m     doc_url: 'https://stripe.com/docs/error-codes/parameter-invalid-integer',"}}
[info] >      message: 'This value must be greater than or equal to 1.', {"user":"    message: 'This value must be greater than or equal to 1.',","metadata":{"emulator":{"name":"functions"},"function":{"name":"us-central1-api"},"extension":{},"message":"\u001b[90m> \u001b[39m     message: 'This value must be greater than or equal to 1.',"}}
[info] >      param: 'amount', {"user":"    param: 'amount',","metadata":{"emulator":{"name":"functions"},"function":{"name":"us-central1-api"},"extension":{},"message":"\u001b[90m> \u001b[39m     param: 'amount',"}}
[info] >      type: 'invalid_request_error', {"user":"    type: 'invalid_request_error',","metadata":{"emulator":{"name":"functions"},"function":{"name":"us-central1-api"},"extension":{},"message":"\u001b[90m> \u001b[39m     type: 'invalid_request_error',"}}
[info] >      headers: { {"user":"    headers: {","metadata":{"emulator":{"name":"functions"},"function":{"name":"us-central1-api"},"extension":{},"message":"\u001b[90m> \u001b[39m     headers: {"}}
[info] >        server: 'nginx', {"user":"      server: 'nginx',","metadata":{"emulator":{"name":"functions"},"function":{"name":"us-central1-api"},"extension":{},"message":"\u001b[90m> \u001b[39m       server: 'nginx',"}}
[info] >        date: 'Mon, 14 Mar 2022 19:04:35 GMT', {"user":"      date: 'Mon, 14 Mar 2022 19:04:35 GMT',","metadata":{"emulator":{"name":"functions"},"function":{"name":"us-central1-api"},"extension":{},"message":"\u001b[90m> \u001b[39m       date: 'Mon, 14 Mar 2022 19:04:35 GMT',"}}
[info] >        'content-type': 'application/json', {"user":"      'content-type': 'application/json',","metadata":{"emulator":{"name":"functions"},"function":{"name":"us-central1-api"},"extension":{},"message":"\u001b[90m> \u001b[39m       'content-type': 'application/json',"}}
[info] >        'content-length': '266', {"user":"      'content-length': '266',","metadata":{"emulator":{"name":"functions"},"function":{"name":"us-central1-api"},"extension":{},"message":"\u001b[90m> \u001b[39m       'content-length': '266',"}}
[info] >        connection: 'keep-alive', {"user":"      connection: 'keep-alive',","metadata":{"emulator":{"name":"functions"},"function":{"name":"us-central1-api"},"extension":{},"message":"\u001b[90m> \u001b[39m       connection: 'keep-alive',"}}
[info] >        'access-control-allow-credentials': 'true', {"user":"      'access-control-allow-credentials': 'true',","metadata":{"emulator":{"name":"functions"},"function":{"name":"us-central1-api"},"extension":{},"message":"\u001b[90m> \u001b[39m       'access-control-allow-credentials': 'true',"}}
[info] >        'access-control-allow-methods': 'GET, POST, HEAD, OPTIONS, DELETE', {"user":"      'access-control-allow-methods': 'GET, POST, HEAD, OPTIONS, DELETE',","metadata":{"emulator":{"name":"functions"},"function":{"name":"us-central1-api"},"extension":{},"message":"\u001b[90m> \u001b[39m       'access-control-allow-methods': 'GET, POST, HEAD, OPTIONS, DELETE',"}}
[info] >        'access-control-allow-origin': '*', {"user":"      'access-control-allow-origin': '*',","metadata":{"emulator":{"name":"functions"},"function":{"name":"us-central1-api"},"extension":{},"message":"\u001b[90m> \u001b[39m       'access-control-allow-origin': '*',"}}
[info] >        'access-control-expose-headers': 'Request-Id, Stripe-Manage-Version, X-Stripe-External-Auth-Required, X-Stripe-Privileged-Session-Required', {"user":"      'access-control-expose-headers': 'Request-Id, Stripe-Manage-Version, X-Stripe-External-Auth-Required, X-Stripe-Privileged-Session-Required',","metadata":{"emulator":{"name":"functions"},"function":{"name":"us-central1-api"},"extension":{},"message":"\u001b[90m> \u001b[39m       'access-control-expose-headers': 'Request-Id, Stripe-Manage-Version, X-Stripe-External-Auth-Required, X-Stripe-Privileged-Session-Required',"}}
[info] >        'access-control-max-age': '300', {"user":"      'access-control-max-age': '300',","metadata":{"emulator":{"name":"functions"},"function":{"name":"us-central1-api"},"extension":{},"message":"\u001b[90m> \u001b[39m       'access-control-max-age': '300',"}}
[info] >        'cache-control': 'no-cache, no-store', {"user":"      'cache-control': 'no-cache, no-store',","metadata":{"emulator":{"name":"functions"},"function":{"name":"us-central1-api"},"extension":{},"message":"\u001b[90m> \u001b[39m       'cache-control': 'no-cache, no-store',"}}
[info] >        'idempotency-key': '54ed2360-280a-46f7-ace5-9a645e64d995', {"user":"      'idempotency-key': '54ed2360-280a-46f7-ace5-9a645e64d995',","metadata":{"emulator":{"name":"functions"},"function":{"name":"us-central1-api"},"extension":{},"message":"\u001b[90m> \u001b[39m       'idempotency-key': '54ed2360-280a-46f7-ace5-9a645e64d995',"}}
[info] >        'original-request': 'req_Liq2aufzSpYdsS', {"user":"      'original-request': 'req_Liq2aufzSpYdsS',","metadata":{"emulator":{"name":"functions"},"function":{"name":"us-central1-api"},"extension":{},"message":"\u001b[90m> \u001b[39m       'original-request': 'req_Liq2aufzSpYdsS',"}}
[info] >        'request-id': 'req_Liq2aufzSpYdsS', {"user":"      'request-id': 'req_Liq2aufzSpYdsS',","metadata":{"emulator":{"name":"functions"},"function":{"name":"us-central1-api"},"extension":{},"message":"\u001b[90m> \u001b[39m       'request-id': 'req_Liq2aufzSpYdsS',"}}
[info] >        'stripe-version': '2020-08-27', {"user":"      'stripe-version': '2020-08-27',","metadata":{"emulator":{"name":"functions"},"function":{"name":"us-central1-api"},"extension":{},"message":"\u001b[90m> \u001b[39m       'stripe-version': '2020-08-27',"}}
[info] >        'strict-transport-security': 'max-age=31556926; includeSubDomains; preload' {"user":"      'strict-transport-security': 'max-age=31556926; includeSubDomains; preload'","metadata":{"emulator":{"name":"functions"},"function":{"name":"us-central1-api"},"extension":{},"message":"\u001b[90m> \u001b[39m       'strict-transport-security': 'max-age=31556926; includeSubDomains; preload'"}}
[info] >      }, {"user":"    },","metadata":{"emulator":{"name":"functions"},"function":{"name":"us-central1-api"},"extension":{},"message":"\u001b[90m> \u001b[39m     },"}}
[info] >      statusCode: 400, {"user":"    statusCode: 400,","metadata":{"emulator":{"name":"functions"},"function":{"name":"us-central1-api"},"extension":{},"message":"\u001b[90m> \u001b[39m     statusCode: 400,"}}
[info] >      requestId: 'req_Liq2aufzSpYdsS' {"user":"    requestId: 'req_Liq2aufzSpYdsS'","metadata":{"emulator":{"name":"functions"},"function":{"name":"us-central1-api"},"extension":{},"message":"\u001b[90m> \u001b[39m     requestId: 'req_Liq2aufzSpYdsS'"}}
[info] >    }, {"user":"  },","metadata":{"emulator":{"name":"functions"},"function":{"name":"us-central1-api"},"extension":{},"message":"\u001b[90m> \u001b[39m   },"}}
[info] >    rawType: 'invalid_request_error', {"user":"  rawType: 'invalid_request_error',","metadata":{"emulator":{"name":"functions"},"function":{"name":"us-central1-api"},"extension":{},"message":"\u001b[90m> \u001b[39m   rawType: 'invalid_request_error',"}}
[info] >    code: 'parameter_invalid_integer', {"user":"  code: 'parameter_invalid_integer',","metadata":{"emulator":{"name":"functions"},"function":{"name":"us-central1-api"},"extension":{},"message":"\u001b[90m> \u001b[39m   code: 'parameter_invalid_integer',"}}
[info] >    doc_url: 'https://stripe.com/docs/error-codes/parameter-invalid-integer', {"user":"  doc_url: 'https://stripe.com/docs/error-codes/parameter-invalid-integer',","metadata":{"emulator":{"name":"functions"},"function":{"name":"us-central1-api"},"extension":{},"message":"\u001b[90m> \u001b[39m   doc_url: 'https://stripe.com/docs/error-codes/parameter-invalid-integer',"}}
[info] >    param: 'amount', {"user":"  param: 'amount',","metadata":{"emulator":{"name":"functions"},"function":{"name":"us-central1-api"},"extension":{},"message":"\u001b[90m> \u001b[39m   param: 'amount',"}}
[info] >    detail: undefined, {"user":"  detail: undefined,","metadata":{"emulator":{"name":"functions"},"function":{"name":"us-central1-api"},"extension":{},"message":"\u001b[90m> \u001b[39m   detail: undefined,"}}
[info] >    headers: { {"user":"  headers: {","metadata":{"emulator":{"name":"functions"},"function":{"name":"us-central1-api"},"extension":{},"message":"\u001b[90m> \u001b[39m   headers: {"}}
[info] >      server: 'nginx', {"user":"    server: 'nginx',","metadata":{"emulator":{"name":"functions"},"function":{"name":"us-central1-api"},"extension":{},"message":"\u001b[90m> \u001b[39m     server: 'nginx',"}}
[info] >      date: 'Mon, 14 Mar 2022 19:04:35 GMT', {"user":"    date: 'Mon, 14 Mar 2022 19:04:35 GMT',","metadata":{"emulator":{"name":"functions"},"function":{"name":"us-central1-api"},"extension":{},"message":"\u001b[90m> \u001b[39m     date: 'Mon, 14 Mar 2022 19:04:35 GMT',"}}
[info] >      'content-type': 'application/json', {"user":"    'content-type': 'application/json',","metadata":{"emulator":{"name":"functions"},"function":{"name":"us-central1-api"},"extension":{},"message":"\u001b[90m> \u001b[39m     'content-type': 'application/json',"}}
[info] >      'content-length': '266', {"user":"    'content-length': '266',","metadata":{"emulator":{"name":"functions"},"function":{"name":"us-central1-api"},"extension":{},"message":"\u001b[90m> \u001b[39m     'content-length': '266',"}}
[info] >      connection: 'keep-alive', {"user":"    connection: 'keep-alive',","metadata":{"emulator":{"name":"functions"},"function":{"name":"us-central1-api"},"extension":{},"message":"\u001b[90m> \u001b[39m     connection: 'keep-alive',"}}
[info] >      'access-control-allow-credentials': 'true', {"user":"    'access-control-allow-credentials': 'true',","metadata":{"emulator":{"name":"functions"},"function":{"name":"us-central1-api"},"extension":{},"message":"\u001b[90m> \u001b[39m     'access-control-allow-credentials': 'true',"}}
[info] >      'access-control-allow-methods': 'GET, POST, HEAD, OPTIONS, DELETE', {"user":"    'access-control-allow-methods': 'GET, POST, HEAD, OPTIONS, DELETE',","metadata":{"emulator":{"name":"functions"},"function":{"name":"us-central1-api"},"extension":{},"message":"\u001b[90m> \u001b[39m     'access-control-allow-methods': 'GET, POST, HEAD, OPTIONS, DELETE',"}}
[info] >      'access-control-allow-origin': '*', {"user":"    'access-control-allow-origin': '*',","metadata":{"emulator":{"name":"functions"},"function":{"name":"us-central1-api"},"extension":{},"message":"\u001b[90m> \u001b[39m     'access-control-allow-origin': '*',"}}
[info] >      'access-control-expose-headers': 'Request-Id, Stripe-Manage-Version, X-Stripe-External-Auth-Required, X-Stripe-Privileged-Session-Required', {"user":"    'access-control-expose-headers': 'Request-Id, Stripe-Manage-Version, X-Stripe-External-Auth-Required, X-Stripe-Privileged-Session-Required',","metadata":{"emulator":{"name":"functions"},"function":{"name":"us-central1-api"},"extension":{},"message":"\u001b[90m> \u001b[39m     'access-control-expose-headers': 'Request-Id, Stripe-Manage-Version, X-Stripe-External-Auth-Required, X-Stripe-Privileged-Session-Required',"}}
[info] >      'access-control-max-age': '300', {"user":"    'access-control-max-age': '300',","metadata":{"emulator":{"name":"functions"},"function":{"name":"us-central1-api"},"extension":{},"message":"\u001b[90m> \u001b[39m     'access-control-max-age': '300',"}}
[info] >      'cache-control': 'no-cache, no-store', {"user":"    'cache-control': 'no-cache, no-store',","metadata":{"emulator":{"name":"functions"},"function":{"name":"us-central1-api"},"extension":{},"message":"\u001b[90m> \u001b[39m     'cache-control': 'no-cache, no-store',"}}
[info] >      'idempotency-key': '54ed2360-280a-46f7-ace5-9a645e64d995', {"user":"    'idempotency-key': '54ed2360-280a-46f7-ace5-9a645e64d995',","metadata":{"emulator":{"name":"functions"},"function":{"name":"us-central1-api"},"extension":{},"message":"\u001b[90m> \u001b[39m     'idempotency-key': '54ed2360-280a-46f7-ace5-9a645e64d995',"}}
[info] >      'original-request': 'req_Liq2aufzSpYdsS', {"user":"    'original-request': 'req_Liq2aufzSpYdsS',","metadata":{"emulator":{"name":"functions"},"function":{"name":"us-central1-api"},"extension":{},"message":"\u001b[90m> \u001b[39m     'original-request': 'req_Liq2aufzSpYdsS',"}}
[info] >      'request-id': 'req_Liq2aufzSpYdsS', {"user":"    'request-id': 'req_Liq2aufzSpYdsS',","metadata":{"emulator":{"name":"functions"},"function":{"name":"us-central1-api"},"extension":{},"message":"\u001b[90m> \u001b[39m     'request-id': 'req_Liq2aufzSpYdsS',"}}
[info] >      'stripe-version': '2020-08-27', {"user":"    'stripe-version': '2020-08-27',","metadata":{"emulator":{"name":"functions"},"function":{"name":"us-central1-api"},"extension":{},"message":"\u001b[90m> \u001b[39m     'stripe-version': '2020-08-27',"}}
[info] >      'strict-transport-security': 'max-age=31556926; includeSubDomains; preload' {"user":"    'strict-transport-security': 'max-age=31556926; includeSubDomains; preload'","metadata":{"emulator":{"name":"functions"},"function":{"name":"us-central1-api"},"extension":{},"message":"\u001b[90m> \u001b[39m     'strict-transport-security': 'max-age=31556926; includeSubDomains; preload'"}}
[info] >    }, {"user":"  },","metadata":{"emulator":{"name":"functions"},"function":{"name":"us-central1-api"},"extension":{},"message":"\u001b[90m> \u001b[39m   },"}}
[info] >    requestId: 'req_Liq2aufzSpYdsS', {"user":"  requestId: 'req_Liq2aufzSpYdsS',","metadata":{"emulator":{"name":"functions"},"function":{"name":"us-central1-api"},"extension":{},"message":"\u001b[90m> \u001b[39m   requestId: 'req_Liq2aufzSpYdsS',"}}
[info] >    statusCode: 400, {"user":"  statusCode: 400,","metadata":{"emulator":{"name":"functions"},"function":{"name":"us-central1-api"},"extension":{},"message":"\u001b[90m> \u001b[39m   statusCode: 400,"}}
[info] >    charge: undefined, {"user":"  charge: undefined,","metadata":{"emulator":{"name":"functions"},"function":{"name":"us-central1-api"},"extension":{},"message":"\u001b[90m> \u001b[39m   charge: undefined,"}}
[info] >    decline_code: undefined, {"user":"  decline_code: undefined,","metadata":{"emulator":{"name":"functions"},"function":{"name":"us-central1-api"},"extension":{},"message":"\u001b[90m> \u001b[39m   decline_code: undefined,"}}
[info] >    payment_intent: undefined, {"user":"  payment_intent: undefined,","metadata":{"emulator":{"name":"functions"},"function":{"name":"us-central1-api"},"extension":{},"message":"\u001b[90m> \u001b[39m   payment_intent: undefined,"}}
[info] >    payment_method: undefined, {"user":"  payment_method: undefined,","metadata":{"emulator":{"name":"functions"},"function":{"name":"us-central1-api"},"extension":{},"message":"\u001b[90m> \u001b[39m   payment_method: undefined,"}}
[info] >    payment_method_type: undefined, {"user":"  payment_method_type: undefined,","metadata":{"emulator":{"name":"functions"},"function":{"name":"us-central1-api"},"extension":{},"message":"\u001b[90m> \u001b[39m   payment_method_type: undefined,"}}
[info] >    setup_intent: undefined, {"user":"  setup_intent: undefined,","metadata":{"emulator":{"name":"functions"},"function":{"name":"us-central1-api"},"extension":{},"message":"\u001b[90m> \u001b[39m   setup_intent: undefined,"}}
[info] >    source: undefined {"user":"  source: undefined","metadata":{"emulator":{"name":"functions"},"function":{"name":"us-central1-api"},"extension":{},"message":"\u001b[90m> \u001b[39m   source: undefined"}}
[info] >  } {"user":"}","metadata":{"emulator":{"name":"functions"},"function":{"name":"us-central1-api"},"extension":{},"message":"\u001b[90m> \u001b[39m }"}}
[debug] [2022-03-14T19:04:35.454Z] [worker-us-central1-api-edb49d96-176b-4eac-80e2-66bcc45ef784]: exited {"metadata":{"emulator":{"name":"functions"},"message":"[worker-us-central1-api-edb49d96-176b-4eac-80e2-66bcc45ef784]: exited"}}
[debug] [2022-03-14T19:04:35.454Z] [worker-us-central1-api-edb49d96-176b-4eac-80e2-66bcc45ef784]: FINISHED {"metadata":{"emulator":{"name":"functions"},"message":"[worker-us-central1-api-edb49d96-176b-4eac-80e2-66bcc45ef784]: FINISHED"}}
[debug] [2022-03-14T19:04:35.454Z] [work-queue] {"queueLength":0,"workRunningCount":0}
